<?xml version="1.0" encoding="UTF-8"?>
<!-- Generated by org.testng.reporters.JUnitReportReporter -->
<testsuite hostname="Dell" name="demo.JavaScriptExcutor" tests="1" failures="0" timestamp="19 Mar 2016 16:02:26 GMT" time="18.725" errors="0">
  <testcase name="Test" time="18.725" classname="demo.JavaScriptExcutor"/>
</testsuite> <!-- demo.JavaScriptExcutor -->
