<?xml version="1.0" encoding="UTF-8"?>
<!-- Generated by org.testng.reporters.JUnitReportReporter -->
<testsuite hostname="Dell" name="demo.Demo" tests="1" failures="0" timestamp="14 Mar 2016 06:25:24 GMT" time="15.320" errors="0">
  <testcase name="Test" time="15.320" classname="demo.Demo"/>
</testsuite> <!-- demo.Demo -->
